<?xml version="1.0" encoding="UTF-8"?>
<testng-results skipped="0" failed="0" total="1" passed="1">
  <reporter-output>
  </reporter-output>
  <suite name="BlueSourceTest" duration-ms="108055" started-at="2014-07-01T15:23:13Z" finished-at="2014-07-01T15:25:01Z">
    <groups>
    </groups>
    <test name="PageObjectLogin" duration-ms="108055" started-at="2014-07-01T15:23:13Z" finished-at="2014-07-01T15:25:01Z">
      <class name="testPackage.PageObjectTest">
        <test-method status="PASS" signature="initializeTest()[pri:0, instance:testPackage.PageObjectTest@77167fb7]" name="initializeTest" is-config="true" duration-ms="4371" started-at="2014-07-01T11:23:13Z" finished-at="2014-07-01T11:23:17Z">
          <reporter-output>
          </reporter-output>
        </test-method> <!-- initializeTest -->
        <test-method status="PASS" signature="loginTest(java.lang.String, java.lang.String, java.lang.String, java.lang.String, java.lang.String)[pri:0, instance:testPackage.PageObjectTest@77167fb7]" name="loginTest" duration-ms="25938" started-at="2014-07-01T11:23:17Z" finished-at="2014-07-01T11:23:43Z">
          <params>
            <param index="0">
              <value>
                <![CDATA[http://bluesourcestaging.herokuapp.com/]]>
              </value>
            </param>
            <param index="1">
              <value>
                <![CDATA[company]]>
              </value>
            </param>
            <param index="2">
              <value>
                <![CDATA[admin]]>
              </value>
            </param>
            <param index="3">
              <value>
                <![CDATA[anything]]>
              </value>
            </param>
            <param index="4">
              <value>
                <![CDATA[Eric Trout]]>
              </value>
            </param>
          </params>
          <reporter-output>
          </reporter-output>
        </test-method> <!-- loginTest -->
        <test-method status="PASS" signature="cleanup()[pri:0, instance:testPackage.PageObjectTest@77167fb7]" name="cleanup" is-config="true" duration-ms="77731" started-at="2014-07-01T11:23:43Z" description="closes driver" finished-at="2014-07-01T11:25:01Z">
          <reporter-output>
          </reporter-output>
        </test-method> <!-- cleanup -->
      </class> <!-- testPackage.PageObjectTest -->
    </test> <!-- PageObjectLogin -->
  </suite> <!-- BlueSourceTest -->
</testng-results>
